2011-07-20 10:51:23 [WARNING] MC Server GUI: Configuration file not found or invalid!
2011-07-20 10:51:23 [INFO] MC Server GUI: Creating new config file with default values.
2011-07-20 10:51:23 [WARNING] MC Server GUI: Could not locate a server jar file automatically!
2011-07-20 10:52:32 [INFO] MC Server GUI: Configuration file loaded succesfully!
2011-07-20 10:52:32 [WARNING] MC Server GUI: Could not locate a server jar file automatically!
2011-07-20 11:05:00 [INFO] MC Server GUI: Configuration file loaded succesfully!
2011-07-20 11:05:00 [WARNING] MC Server GUI: Could not locate a server jar file automatically!
2011-07-20 11:05:20 [INFO] MC Server GUI: Configuration file loaded succesfully!
2011-07-20 11:05:20 [WARNING] MC Server GUI: Could not locate a server jar file automatically!
2011-07-20 11:08:10 [INFO] MC Server GUI: Configuration file loaded succesfully!
2011-07-20 11:08:10 [WARNING] MC Server GUI: Could not locate a server jar file automatically!
2011-07-20 11:22:48 [INFO] MC Server GUI: Configuration file loaded succesfully!
2011-07-20 11:22:48 [WARNING] MC Server GUI: Could not locate a server jar file automatically!
2011-07-20 11:23:13 [INFO] MC Server GUI: Configuration file loaded succesfully!
2011-07-20 11:23:13 [WARNING] MC Server GUI: Could not locate a server jar file automatically!
2011-07-20 11:23:32 [INFO] MC Server GUI: Configuration file loaded succesfully!
2011-07-20 11:23:32 [WARNING] MC Server GUI: Could not locate a server jar file automatically!
2011-07-20 11:34:04 [INFO] MC Server GUI: Configuration file loaded succesfully!
2011-07-20 11:34:04 [WARNING] MC Server GUI: Could not locate a server jar file automatically!
2011-07-20 11:34:58 [INFO] MC Server GUI: Configuration file loaded succesfully!
2011-07-20 11:34:58 [WARNING] MC Server GUI: Could not locate a server jar file automatically!
2011-07-20 11:35:37 [INFO] MC Server GUI: Configuration file loaded succesfully!
2011-07-20 11:35:37 [WARNING] MC Server GUI: Could not locate a server jar file automatically!
2011-07-20 11:38:02 [INFO] MC Server GUI: Configuration file loaded succesfully!
2011-07-20 11:38:02 [WARNING] MC Server GUI: Could not locate a server jar file automatically!
2011-07-20 11:38:36 [INFO] MC Server GUI: Configuration file loaded succesfully!
2011-07-20 11:38:36 [WARNING] MC Server GUI: Could not locate a server jar file automatically!
2011-07-20 11:39:21 [INFO] MC Server GUI: Configuration file loaded succesfully!
2011-07-20 11:39:21 [WARNING] MC Server GUI: Could not locate a server jar file automatically!
2011-07-20 11:59:46 [INFO] MC Server GUI: Configuration file loaded succesfully!
2011-07-20 11:59:46 [WARNING] MC Server GUI: Could not locate a server jar file automatically!
2011-07-20 12:01:55 [INFO] MC Server GUI: Configuration file loaded succesfully!
2011-07-20 12:01:55 [WARNING] MC Server GUI: Could not locate a server jar file automatically!
2011-07-20 12:17:48 [INFO] MC Server GUI: Configuration file loaded succesfully!
2011-07-20 12:17:48 [WARNING] MC Server GUI: Could not locate a server jar file automatically!
2011-07-20 12:21:27 [INFO] MC Server GUI: Configuration file loaded succesfully!
2011-07-20 12:21:27 [WARNING] MC Server GUI: Could not locate a server jar file automatically!
2011-07-20 12:22:39 [INFO] MC Server GUI: Configuration file loaded succesfully!
2011-07-20 12:22:39 [WARNING] MC Server GUI: Could not locate a server jar file automatically!
2011-07-20 12:24:00 [INFO] MC Server GUI: Configuration file loaded succesfully!
2011-07-20 12:24:00 [WARNING] MC Server GUI: Could not locate a server jar file automatically!
2011-07-20 12:24:25 [INFO] MC Server GUI: Configuration file loaded succesfully!
2011-07-20 12:24:25 [WARNING] MC Server GUI: Could not locate a server jar file automatically!
2011-07-20 12:25:36 [INFO] MC Server GUI: Configuration file loaded succesfully!
2011-07-20 12:25:36 [WARNING] MC Server GUI: Could not locate a server jar file automatically!
2011-07-20 12:26:35 [INFO] MC Server GUI: Configuration file loaded succesfully!
2011-07-20 12:26:35 [WARNING] MC Server GUI: Could not locate a server jar file automatically!
2011-07-20 12:26:55 [INFO] MC Server GUI: Configuration file loaded succesfully!
2011-07-20 12:26:55 [WARNING] MC Server GUI: Could not locate a server jar file automatically!
2011-07-20 12:28:11 [INFO] MC Server GUI: Configuration file loaded succesfully!
2011-07-20 12:28:11 [WARNING] MC Server GUI: Could not locate a server jar file automatically!
2011-07-20 12:30:17 [INFO] MC Server GUI: Configuration file loaded succesfully!
2011-07-20 12:30:17 [WARNING] MC Server GUI: Could not locate a server jar file automatically!
2011-07-20 12:30:55 [INFO] MC Server GUI: Configuration file loaded succesfully!
2011-07-20 12:30:55 [WARNING] MC Server GUI: Could not locate a server jar file automatically!
2011-07-20 12:35:24 [INFO] MC Server GUI: Configuration file loaded succesfully!
2011-07-20 12:35:24 [WARNING] MC Server GUI: Could not locate a server jar file automatically!
2011-07-20 12:39:57 [INFO] MC Server GUI: Configuration file loaded succesfully!
2011-07-20 12:39:57 [WARNING] MC Server GUI: Could not locate a server jar file automatically!
2011-07-20 12:40:53 [INFO] MC Server GUI: Configuration file loaded succesfully!
2011-07-20 12:40:53 [WARNING] MC Server GUI: Could not locate a server jar file automatically!
2011-07-20 12:41:07 [INFO] MC Server GUI: Configuration file loaded succesfully!
2011-07-20 12:41:07 [WARNING] MC Server GUI: Could not locate a server jar file automatically!
2011-07-20 12:44:59 [INFO] MC Server GUI: Configuration file loaded succesfully!
2011-07-20 12:44:59 [WARNING] MC Server GUI: Could not locate a server jar file automatically!
2011-07-20 12:45:22 [INFO] MC Server GUI: Configuration file loaded succesfully!
2011-07-20 12:45:22 [WARNING] MC Server GUI: Could not locate a server jar file automatically!
2011-07-20 12:47:17 [INFO] MC Server GUI: Configuration file loaded succesfully!
2011-07-20 12:47:17 [WARNING] MC Server GUI: Could not locate a server jar file automatically!
2011-07-20 12:48:12 [INFO] MC Server GUI: Configuration file loaded succesfully!
2011-07-20 12:48:12 [WARNING] MC Server GUI: Could not locate a server jar file automatically!
2011-07-20 12:54:34 [INFO] MC Server GUI: Configuration file loaded succesfully!
2011-07-20 12:54:34 [WARNING] MC Server GUI: Could not locate a server jar file automatically!
2011-07-20 12:55:01 [INFO] MC Server GUI: Configuration file loaded succesfully!
2011-07-20 12:55:01 [WARNING] MC Server GUI: Could not locate a server jar file automatically!
2011-07-20 12:56:13 [INFO] MC Server GUI: Configuration file loaded succesfully!
2011-07-20 12:56:13 [WARNING] MC Server GUI: Could not locate a server jar file automatically!
2011-07-20 12:56:47 [INFO] MC Server GUI: Configuration file loaded succesfully!
2011-07-20 12:56:47 [WARNING] MC Server GUI: Could not locate a server jar file automatically!
2011-07-20 12:57:37 [INFO] MC Server GUI: Configuration file loaded succesfully!
2011-07-20 12:57:37 [WARNING] MC Server GUI: Could not locate a server jar file automatically!
2011-07-20 12:58:29 [INFO] MC Server GUI: Configuration file loaded succesfully!
2011-07-20 12:58:29 [WARNING] MC Server GUI: Could not locate a server jar file automatically!
2011-07-20 12:59:13 [INFO] MC Server GUI: Configuration file loaded succesfully!
2011-07-20 12:59:13 [WARNING] MC Server GUI: Could not locate a server jar file automatically!
2011-07-20 12:59:45 [INFO] MC Server GUI: Configuration file loaded succesfully!
2011-07-20 12:59:45 [WARNING] MC Server GUI: Could not locate a server jar file automatically!
2011-07-20 13:03:07 [INFO] MC Server GUI: Configuration file loaded succesfully!
2011-07-20 13:03:07 [WARNING] MC Server GUI: Could not locate a server jar file automatically!
2011-07-20 13:04:05 [INFO] MC Server GUI: Configuration file loaded succesfully!
2011-07-20 13:04:05 [WARNING] MC Server GUI: Could not locate a server jar file automatically!
2011-07-20 13:15:38 [INFO] MC Server GUI: Configuration file loaded succesfully!
2011-07-20 13:15:38 [WARNING] MC Server GUI: Could not locate a server jar file automatically!
2011-07-20 13:16:35 [INFO] MC Server GUI: Configuration file loaded succesfully!
2011-07-20 13:16:35 [WARNING] MC Server GUI: Could not locate a server jar file automatically!
2011-07-20 13:17:17 [INFO] MC Server GUI: Configuration file loaded succesfully!
2011-07-20 13:17:17 [WARNING] MC Server GUI: Could not locate a server jar file automatically!
2011-07-20 13:17:40 [INFO] MC Server GUI: Configuration file loaded succesfully!
2011-07-20 13:17:40 [WARNING] MC Server GUI: Could not locate a server jar file automatically!
2011-07-20 13:20:03 [INFO] MC Server GUI: Configuration file loaded succesfully!
2011-07-20 13:20:03 [WARNING] MC Server GUI: Could not locate a server jar file automatically!
2011-07-20 13:20:37 [INFO] MC Server GUI: Configuration file loaded succesfully!
2011-07-20 13:20:37 [WARNING] MC Server GUI: Could not locate a server jar file automatically!
2011-07-20 13:20:48 [INFO] MC Server GUI: Configuration file loaded succesfully!
2011-07-20 13:20:48 [WARNING] MC Server GUI: Could not locate a server jar file automatically!
2011-07-20 13:21:36 [INFO] MC Server GUI: Configuration file loaded succesfully!
2011-07-20 13:21:36 [WARNING] MC Server GUI: Could not locate a server jar file automatically!
2011-07-20 13:22:17 [INFO] MC Server GUI: Configuration file loaded succesfully!
2011-07-20 13:22:17 [WARNING] MC Server GUI: Could not locate a server jar file automatically!
2011-07-20 13:25:44 [INFO] MC Server GUI: Configuration file loaded succesfully!
2011-07-20 13:25:44 [WARNING] MC Server GUI: Could not locate a server jar file automatically!
2011-07-20 13:28:56 [INFO] MC Server GUI: Configuration file loaded succesfully!
2011-07-20 13:28:56 [WARNING] MC Server GUI: Could not locate a server jar file automatically!
2011-07-20 13:32:33 [INFO] MC Server GUI: Configuration file loaded succesfully!
2011-07-20 13:32:33 [WARNING] MC Server GUI: Could not locate a server jar file automatically!
2011-07-20 13:34:14 [INFO] MC Server GUI: Configuration file loaded succesfully!
2011-07-20 13:34:14 [WARNING] MC Server GUI: Could not locate a server jar file automatically!
2011-07-20 13:34:36 [INFO] MC Server GUI: Configuration file loaded succesfully!
2011-07-20 13:34:36 [WARNING] MC Server GUI: Could not locate a server jar file automatically!
2011-07-20 13:38:06 [INFO] MC Server GUI: Configuration file loaded succesfully!
2011-07-20 13:38:06 [WARNING] MC Server GUI: Could not locate a server jar file automatically!
2011-07-20 13:39:04 [INFO] MC Server GUI: Configuration file loaded succesfully!
2011-07-20 13:39:04 [WARNING] MC Server GUI: Could not locate a server jar file automatically!
2011-07-20 13:39:28 [INFO] MC Server GUI: Configuration file loaded succesfully!
2011-07-20 13:39:28 [WARNING] MC Server GUI: Could not locate a server jar file automatically!
2011-07-20 13:40:02 [INFO] MC Server GUI: Configuration file loaded succesfully!
2011-07-20 13:40:02 [WARNING] MC Server GUI: Could not locate a server jar file automatically!
2011-07-20 13:40:31 [INFO] MC Server GUI: Configuration file loaded succesfully!
2011-07-20 13:40:31 [WARNING] MC Server GUI: Could not locate a server jar file automatically!
2011-07-20 13:41:18 [INFO] MC Server GUI: Configuration file loaded succesfully!
2011-07-20 13:41:18 [WARNING] MC Server GUI: Could not locate a server jar file automatically!
2011-07-20 13:42:09 [INFO] MC Server GUI: Configuration file loaded succesfully!
2011-07-20 13:42:09 [WARNING] MC Server GUI: Could not locate a server jar file automatically!
2011-07-20 14:01:47 [INFO] MC Server GUI: Configuration file loaded succesfully!
2011-07-20 14:01:47 [WARNING] MC Server GUI: Could not locate a server jar file automatically!
2011-07-20 14:02:21 [INFO] MC Server GUI: Configuration file loaded succesfully!
2011-07-20 14:02:21 [WARNING] MC Server GUI: Could not locate a server jar file automatically!
2011-07-20 14:03:04 [INFO] MC Server GUI: Configuration file loaded succesfully!
2011-07-20 14:03:04 [WARNING] MC Server GUI: Could not locate a server jar file automatically!
2011-07-20 14:04:04 [INFO] MC Server GUI: Configuration file loaded succesfully!
2011-07-20 14:04:04 [WARNING] MC Server GUI: Could not locate a server jar file automatically!
2011-07-20 14:05:09 [INFO] MC Server GUI: Configuration file loaded succesfully!
2011-07-20 14:05:09 [WARNING] MC Server GUI: Could not locate a server jar file automatically!
2011-07-20 14:07:51 [INFO] MC Server GUI: Configuration file loaded succesfully!
2011-07-20 14:07:51 [WARNING] MC Server GUI: Could not locate a server jar file automatically!
2011-07-20 14:11:10 [INFO] MC Server GUI: Configuration file loaded succesfully!
2011-07-20 14:11:10 [WARNING] MC Server GUI: Could not locate a server jar file automatically!
2011-07-20 14:12:11 [INFO] MC Server GUI: Configuration file loaded succesfully!
2011-07-20 14:12:11 [WARNING] MC Server GUI: Could not locate a server jar file automatically!
2011-07-20 14:12:50 [INFO] MC Server GUI: Configuration file loaded succesfully!
2011-07-20 14:12:50 [WARNING] MC Server GUI: Could not locate a server jar file automatically!
2011-07-20 14:15:05 [INFO] MC Server GUI: Configuration file loaded succesfully!
2011-07-20 14:15:05 [WARNING] MC Server GUI: Could not locate a server jar file automatically!
2011-07-20 14:15:40 [INFO] MC Server GUI: Configuration file loaded succesfully!
2011-07-20 14:15:40 [WARNING] MC Server GUI: Could not locate a server jar file automatically!
2011-07-20 14:19:30 [INFO] MC Server GUI: Configuration file loaded succesfully!
2011-07-20 14:19:30 [WARNING] MC Server GUI: Could not locate a server jar file automatically!
2011-07-21 10:45:32 [INFO] MC Server GUI: Configuration file loaded succesfully!
2011-07-21 10:45:32 [WARNING] MC Server GUI: Could not locate a server jar file automatically!
2011-07-21 11:03:51 [INFO] MC Server GUI: Configuration file loaded succesfully!
2011-07-21 11:03:51 [INFO] MC Server GUI: Automatically detected server jar file: craftbukkit-1000.jar
2011-07-21 11:04:03 [SEVERE] MC Server GUI: java.net.BindException: Address already in use: JVM_Bind
2011-07-21 11:04:03 [SEVERE] MC Server GUI: Could not listen on port 25565!<br>Is it already in use? Aborting...
2011-07-21 11:04:03 [SEVERE] MC Server GUI: Proxy Server failed to starts correctly.  Aborting server fstart.
2011-07-21 11:04:21 [INFO] MC Server GUI: Listening on 0.0.0.0:25568 (players connect here)
2011-07-21 11:04:21 [INFO] MC Server GUI: 0.0.0.0 means all IP addresses; you want this.
2011-07-21 11:05:54 [WARNING] MC Server GUI: java.net.SocketException: socket closed
2011-07-21 11:05:54 [WARNING] MC Server GUI: Accept failed on port 25568!  Server likely stopped.
2011-07-21 11:31:03 [INFO] MC Server GUI: Configuration file loaded succesfully!
2011-07-21 12:14:27 [INFO] MC Server GUI: Configuration file loaded succesfully!
2011-07-21 12:14:43 [INFO] MC Server GUI: Configuration file loaded succesfully!
2011-07-21 12:17:33 [INFO] MC Server GUI: Configuration file loaded succesfully!
2011-07-21 12:18:25 [INFO] MC Server GUI: Configuration file loaded succesfully!
2011-07-21 12:18:58 [INFO] MC Server GUI: Configuration file loaded succesfully!
2011-07-21 12:19:31 [INFO] MC Server GUI: Configuration file loaded succesfully!
2011-07-21 12:20:04 [INFO] MC Server GUI: Configuration file loaded succesfully!
2011-07-21 12:25:11 [INFO] MC Server GUI: Configuration file loaded succesfully!
2011-07-21 12:26:12 [INFO] MC Server GUI: Configuration file loaded succesfully!
2011-07-21 12:26:37 [INFO] MC Server GUI: Configuration file loaded succesfully!
2011-07-21 12:27:15 [INFO] MC Server GUI: Configuration file loaded succesfully!
2011-07-21 12:27:50 [INFO] MC Server GUI: Configuration file loaded succesfully!
2011-07-21 12:28:11 [INFO] MC Server GUI: Configuration file loaded succesfully!
2011-07-21 12:28:25 [INFO] MC Server GUI: Configuration file loaded succesfully!
2011-07-21 12:35:42 [INFO] MC Server GUI: Configuration file loaded succesfully!
2011-07-21 12:36:07 [INFO] MC Server GUI: Configuration file loaded succesfully!
2011-07-21 12:37:01 [INFO] MC Server GUI: Configuration file loaded succesfully!
2011-07-21 13:14:50 [INFO] MC Server GUI: Configuration file loaded succesfully!
2011-07-21 13:15:48 [INFO] MC Server GUI: Configuration file loaded succesfully!
2011-07-21 13:17:01 [INFO] MC Server GUI: Configuration file loaded succesfully!
2011-07-21 13:17:46 [INFO] MC Server GUI: Configuration file loaded succesfully!
2011-07-21 13:18:52 [INFO] MC Server GUI: Configuration file loaded succesfully!
2011-07-21 13:20:31 [INFO] MC Server GUI: Configuration file loaded succesfully!
2011-07-21 13:20:53 [INFO] MC Server GUI: Configuration file loaded succesfully!
2011-07-21 13:21:23 [INFO] MC Server GUI: Configuration file loaded succesfully!
2011-07-21 14:52:30 [INFO] MC Server Pail: Configuration file loaded succesfully!
2011-07-21 14:52:59 [INFO] MC Server Pail: Configuration file loaded succesfully!
2011-07-21 14:54:19 [INFO] MC Server Pail: Configuration file loaded succesfully!
2011-07-21 14:54:39 [INFO] MC Server Pail: Configuration file loaded succesfully!
2011-07-21 14:56:11 [INFO] MC Server Pail: Configuration file loaded succesfully!
2011-07-21 15:02:48 [INFO] MC Server Pail: Configuration file loaded succesfully!
2011-07-21 15:06:23 [INFO] MC Server Pail: Configuration file loaded succesfully!
2011-07-21 15:16:19 [INFO] MC Server Pail: Configuration file loaded succesfully!
2011-07-21 15:17:26 [INFO] MC Server Pail: Configuration file loaded succesfully!
2011-07-21 15:19:17 [INFO] MC Server Pail: Configuration file loaded succesfully!
2011-07-21 15:19:42 [INFO] MC Server Pail: Configuration file loaded succesfully!
2011-07-21 15:20:17 [INFO] MC Server Pail: Configuration file loaded succesfully!
2011-07-21 15:20:36 [INFO] MC Server Pail: Configuration file loaded succesfully!
2011-07-21 15:24:05 [INFO] MC Server Pail: Configuration file loaded succesfully!
2011-07-21 15:26:22 [INFO] MC Server Pail: Configuration file loaded succesfully!
2011-07-21 15:34:40 [INFO] MC Server Pail: Configuration file loaded succesfully!
2011-07-21 15:37:05 [INFO] MC Server Pail: Configuration file loaded succesfully!
2011-07-21 15:38:13 [INFO] MC Server Pail: Configuration file loaded succesfully!
2011-07-21 15:38:57 [INFO] MC Server Pail: Configuration file loaded succesfully!
2011-07-21 15:39:34 [INFO] MC Server Pail: Configuration file loaded succesfully!
2011-07-21 15:40:42 [INFO] MC Server Pail: Configuration file loaded succesfully!
2011-07-21 15:42:20 [INFO] MC Server Pail: Configuration file loaded succesfully!
