2011-07-21 11:04:22 [INFO] Starting minecraft server version Beta 1.7.3
2011-07-21 11:04:22 [INFO] Loading properties
2011-07-21 11:04:22 [INFO] Starting Minecraft server on *:25569
2011-07-21 11:04:22 [INFO] This server is running Craftbukkit version git-Bukkit-0.0.0-945-g73697a4-b1000jnks (MC: 1.7.3)
2011-07-21 11:04:22 [WARNING] Failed to load ban list: java.io.FileNotFoundException: banned-players.txt (The system cannot find the file specified)
2011-07-21 11:04:22 [WARNING] Failed to load ip ban list: java.io.FileNotFoundException: banned-ips.txt (The system cannot find the file specified)
2011-07-21 11:04:22 [WARNING] Failed to load ops: java.io.FileNotFoundException: ops.txt (The system cannot find the file specified)
2011-07-21 11:04:22 [WARNING] Failed to load white-list: java.io.FileNotFoundException: white-list.txt (The system cannot find the file specified)
2011-07-21 11:04:22 [INFO] Preparing level "world"
2011-07-21 11:04:22 [INFO] Preparing start region for level 0 (Seed: -8442665289840298831)
2011-07-21 11:04:24 [INFO] Preparing spawn area: 4%
2011-07-21 11:04:25 [INFO] Preparing spawn area: 12%
2011-07-21 11:04:26 [INFO] Preparing spawn area: 20%
2011-07-21 11:04:27 [INFO] Preparing spawn area: 32%
2011-07-21 11:04:28 [INFO] Preparing spawn area: 40%
2011-07-21 11:04:29 [INFO] Preparing spawn area: 48%
2011-07-21 11:04:30 [INFO] Preparing spawn area: 61%
2011-07-21 11:04:31 [INFO] Preparing spawn area: 73%
2011-07-21 11:04:32 [INFO] Preparing spawn area: 85%
2011-07-21 11:04:33 [INFO] Preparing spawn area: 93%
2011-07-21 11:04:34 [INFO] Preparing spawn area: 97%
2011-07-21 11:04:35 [INFO] Preparing start region for level 1 (Seed: -8442665289840298831)
2011-07-21 11:04:35 [INFO] Preparing spawn area: 0%
2011-07-21 11:04:36 [INFO] Preparing spawn area: 3%
2011-07-21 11:04:37 [INFO] Preparing spawn area: 4%
2011-07-21 11:04:39 [INFO] Preparing spawn area: 8%
2011-07-21 11:04:40 [INFO] Preparing spawn area: 8%
2011-07-21 11:04:42 [INFO] Preparing spawn area: 12%
2011-07-21 11:04:43 [INFO] Preparing spawn area: 16%
2011-07-21 11:04:44 [INFO] Preparing spawn area: 20%
2011-07-21 11:04:45 [INFO] Preparing spawn area: 20%
2011-07-21 11:04:46 [INFO] Preparing spawn area: 24%
2011-07-21 11:04:47 [INFO] Preparing spawn area: 28%
2011-07-21 11:04:48 [INFO] Preparing spawn area: 32%
2011-07-21 11:04:49 [INFO] Preparing spawn area: 32%
2011-07-21 11:04:50 [INFO] Preparing spawn area: 36%
2011-07-21 11:04:51 [INFO] Preparing spawn area: 44%
2011-07-21 11:04:53 [INFO] Preparing spawn area: 48%
2011-07-21 11:04:54 [INFO] Preparing spawn area: 52%
2011-07-21 11:04:56 [INFO] Preparing spawn area: 56%
2011-07-21 11:04:57 [INFO] Preparing spawn area: 57%
2011-07-21 11:04:58 [INFO] Preparing spawn area: 61%
2011-07-21 11:04:59 [INFO] Preparing spawn area: 65%
2011-07-21 11:05:00 [INFO] Preparing spawn area: 69%
2011-07-21 11:05:02 [INFO] Preparing spawn area: 73%
2011-07-21 11:05:04 [INFO] Preparing spawn area: 73%
2011-07-21 11:05:05 [INFO] Preparing spawn area: 77%
2011-07-21 11:05:06 [INFO] Preparing spawn area: 81%
2011-07-21 11:05:07 [INFO] Preparing spawn area: 81%
2011-07-21 11:05:08 [INFO] Preparing spawn area: 85%
2011-07-21 11:05:09 [INFO] Preparing spawn area: 89%
2011-07-21 11:05:11 [INFO] Preparing spawn area: 89%
2011-07-21 11:05:12 [INFO] Preparing spawn area: 93%
2011-07-21 11:05:13 [INFO] Preparing spawn area: 93%
2011-07-21 11:05:14 [INFO] Preparing spawn area: 97%
2011-07-21 11:05:14 [INFO] Done (5.251s)! For help, type "help" or "?"
2011-07-21 11:05:14 [INFO] 'spawn-protection' in server.properties has been moved to 'settings.spawn-radius' in bukkit.yml. I will move your config for you.
2011-07-21 11:05:51 [INFO] Stopping the server..
2011-07-21 11:05:51 [INFO] Stopping server
2011-07-21 11:05:51 [INFO] Saving chunks
